  ANN.cpp
c:\users\greel\desktop\github\ann-mnist_dataset\first_ann\first_ann\ann.h(46): warning C4244: '=': conversion from 'float' to 'int', possible loss of data
c:\users\greel\desktop\github\ann-mnist_dataset\first_ann\first_ann\ann.cpp(52): warning C4244: 'argument': conversion from 'time_t' to 'unsigned int', possible loss of data
c:\users\greel\desktop\github\ann-mnist_dataset\first_ann\first_ann\ann.cpp(76): warning C4244: 'argument': conversion from 'time_t' to 'unsigned int', possible loss of data
c:\users\greel\desktop\github\ann-mnist_dataset\first_ann\first_ann\ann.cpp(102): warning C4018: '<': signed/unsigned mismatch
c:\users\greel\desktop\github\ann-mnist_dataset\first_ann\first_ann\ann.cpp(131): warning C4018: '<': signed/unsigned mismatch
c:\users\greel\desktop\github\ann-mnist_dataset\first_ann\first_ann\ann.cpp(146): warning C4244: 'argument': conversion from 'time_t' to 'unsigned int', possible loss of data
c:\users\greel\desktop\github\ann-mnist_dataset\first_ann\first_ann\ann.cpp(192): warning C4305: '*=': truncation from 'double' to 'float'
c:\users\greel\desktop\github\ann-mnist_dataset\first_ann\first_ann\ann.cpp(317): warning C4244: '+=': conversion from 'double' to 'float', possible loss of data
c:\users\greel\desktop\github\ann-mnist_dataset\first_ann\first_ann\ann.cpp(348): warning C4244: '-=': conversion from 'double' to 'float', possible loss of data
c:\users\greel\desktop\github\ann-mnist_dataset\first_ann\first_ann\ann.cpp(351): warning C4244: '-=': conversion from 'double' to 'float', possible loss of data
c:\users\greel\desktop\github\ann-mnist_dataset\first_ann\first_ann\ann.cpp(354): warning C4244: '-=': conversion from 'double' to 'float', possible loss of data
c:\users\greel\desktop\github\ann-mnist_dataset\first_ann\first_ann\ann.cpp(376): warning C4244: '-=': conversion from 'double' to 'float', possible loss of data
c:\users\greel\desktop\github\ann-mnist_dataset\first_ann\first_ann\ann.cpp(381): warning C4244: '-=': conversion from 'double' to 'float', possible loss of data
c:\users\greel\desktop\github\ann-mnist_dataset\first_ann\first_ann\ann.cpp(386): warning C4244: '-=': conversion from 'double' to 'float', possible loss of data
  Generating Code...
  Compiling...
  main.cpp
c:\users\greel\desktop\github\ann-mnist_dataset\first_ann\first_ann\ann.h(46): warning C4244: '=': conversion from 'float' to 'int', possible loss of data
  fileStream.cpp
c:\users\greel\desktop\github\ann-mnist_dataset\first_ann\first_ann\ann.h(46): warning C4244: '=': conversion from 'float' to 'int', possible loss of data
  Window.cpp
c:\users\greel\desktop\github\ann-mnist_dataset\first_ann\first_ann\ann.h(46): warning C4244: '=': conversion from 'float' to 'int', possible loss of data
c:\users\greel\desktop\github\ann-mnist_dataset\first_ann\first_ann\window.cpp(84): warning C4244: 'argument': conversion from 'int' to 'float', possible loss of data
c:\users\greel\desktop\github\ann-mnist_dataset\first_ann\first_ann\window.cpp(123): warning C4244: 'argument': conversion from 'float' to 'sf::Uint8', possible loss of data
c:\users\greel\desktop\github\ann-mnist_dataset\first_ann\first_ann\window.cpp(128): warning C4244: '=': conversion from 'const float' to 'int', possible loss of data
c:\users\greel\desktop\github\ann-mnist_dataset\first_ann\first_ann\window.cpp(129): warning C4244: '=': conversion from 'float' to 'int', possible loss of data
c:\users\greel\desktop\github\ann-mnist_dataset\first_ann\first_ann\window.cpp(149): warning C4244: 'argument': conversion from 'float' to 'sf::Uint8', possible loss of data
c:\users\greel\desktop\github\ann-mnist_dataset\first_ann\first_ann\window.cpp(150): warning C4244: 'argument': conversion from 'float' to 'sf::Uint8', possible loss of data
c:\users\greel\desktop\github\ann-mnist_dataset\first_ann\first_ann\window.cpp(163): warning C4244: 'argument': conversion from 'float' to 'sf::Uint8', possible loss of data
c:\users\greel\desktop\github\ann-mnist_dataset\first_ann\first_ann\window.cpp(164): warning C4244: 'argument': conversion from 'float' to 'sf::Uint8', possible loss of data
c:\users\greel\desktop\github\ann-mnist_dataset\first_ann\first_ann\window.cpp(177): warning C4244: 'argument': conversion from 'float' to 'sf::Uint8', possible loss of data
c:\users\greel\desktop\github\ann-mnist_dataset\first_ann\first_ann\window.cpp(178): warning C4244: 'argument': conversion from 'float' to 'sf::Uint8', possible loss of data
c:\users\greel\desktop\github\ann-mnist_dataset\first_ann\first_ann\window.cpp(195): warning C4244: 'argument': conversion from 'float' to 'sf::Uint8', possible loss of data
c:\users\greel\desktop\github\ann-mnist_dataset\first_ann\first_ann\window.cpp(202): warning C4244: 'argument': conversion from 'float' to 'sf::Uint8', possible loss of data
c:\users\greel\desktop\github\ann-mnist_dataset\first_ann\first_ann\window.cpp(209): warning C4244: 'argument': conversion from 'float' to 'sf::Uint8', possible loss of data
  Generating Code...
  First_ANN.vcxproj -> C:\Users\greel\Desktop\GitHub\ANN-Mnist_dataset\First_ANN\Debug\First_ANN.exe
  First_ANN.vcxproj -> C:\Users\greel\Desktop\GitHub\ANN-Mnist_dataset\First_ANN\Debug\First_ANN.pdb (Full PDB)
